2020-08-18 08:32:17 [main] INFO  c.s.ProductMApplication_excp - Starting ProductMApplication_excp on BDC3-LX-01347ZX with PID 14020 (C:\Users\jay.muchhala\Documents\SpringBoot\Product_Exception_logger\target\classes started by jay.muchhala in C:\Users\jay.muchhala\Documents\SpringBoot\Product_Exception_logger)
2020-08-18 08:32:17 [main] DEBUG c.s.ProductMApplication_excp - Running with Spring Boot v2.3.3.RELEASE, Spring v5.2.8.RELEASE
2020-08-18 08:32:17 [main] INFO  c.s.ProductMApplication_excp - No active profile set, falling back to default profiles: default
2020-08-18 08:32:22 [main] INFO  c.s.ProductMApplication_excp - Started ProductMApplication_excp in 5.587 seconds (JVM running for 6.657)
2020-08-18 08:32:22 [main] DEBUG c.s.ProductMApplication_excp - ---------App started-------
2020-08-18 08:42:03 [http-nio-8080-exec-5] DEBUG c.s.controller.ProductController - /products --- debug level
2020-08-18 08:42:03 [http-nio-8080-exec-5] ERROR c.s.controller.ProductController - /products --- error level
2020-08-18 08:42:03 [http-nio-8080-exec-5] INFO  c.s.controller.ProductController - /products --- info level
2020-08-18 08:42:03 [http-nio-8080-exec-5] WARN  c.s.controller.ProductController - /products --- warn level
2020-08-18 08:42:03 [http-nio-8080-exec-5] DEBUG c.supermarket.service.ProductService - /service ---listAll --- debug level
2020-08-18 08:42:33 [http-nio-8080-exec-4] DEBUG c.s.controller.ProductController - /products --- debug level
2020-08-18 08:42:33 [http-nio-8080-exec-4] ERROR c.s.controller.ProductController - /products --- error level
2020-08-18 08:42:33 [http-nio-8080-exec-4] INFO  c.s.controller.ProductController - /products --- info level
2020-08-18 08:42:33 [http-nio-8080-exec-4] WARN  c.s.controller.ProductController - /products --- warn level
2020-08-18 08:42:33 [http-nio-8080-exec-4] DEBUG c.supermarket.service.ProductService - /service ---listAll --- debug level
2020-08-18 08:43:34 [http-nio-8080-exec-10] DEBUG c.s.controller.ProductController - /products --- debug level
2020-08-18 08:43:34 [http-nio-8080-exec-10] ERROR c.s.controller.ProductController - /products --- error level
2020-08-18 08:43:34 [http-nio-8080-exec-10] INFO  c.s.controller.ProductController - /products --- info level
2020-08-18 08:43:34 [http-nio-8080-exec-10] WARN  c.s.controller.ProductController - /products --- warn level
2020-08-18 08:43:34 [http-nio-8080-exec-10] DEBUG c.supermarket.service.ProductService - /service ---listAll --- debug level
2020-08-18 08:43:47 [http-nio-8080-exec-1] DEBUG c.s.controller.ProductController - /products --- debug level
2020-08-18 08:43:47 [http-nio-8080-exec-1] ERROR c.s.controller.ProductController - /products --- error level
2020-08-18 08:43:47 [http-nio-8080-exec-1] INFO  c.s.controller.ProductController - /products --- info level
2020-08-18 08:43:47 [http-nio-8080-exec-1] WARN  c.s.controller.ProductController - /products --- warn level
2020-08-18 08:43:47 [http-nio-8080-exec-1] DEBUG c.supermarket.service.ProductService - /service ---listAll --- debug level
2020-08-18 08:51:13 [main] INFO  c.s.ProductMApplication_excp - Starting ProductMApplication_excp on BDC3-LX-01347ZX with PID 16060 (C:\Users\jay.muchhala\Documents\SpringBoot\Product_Exception_logger\target\classes started by jay.muchhala in C:\Users\jay.muchhala\Documents\SpringBoot\Product_Exception_logger)
2020-08-18 08:51:13 [main] DEBUG c.s.ProductMApplication_excp - Running with Spring Boot v2.3.3.RELEASE, Spring v5.2.8.RELEASE
2020-08-18 08:51:13 [main] INFO  c.s.ProductMApplication_excp - No active profile set, falling back to default profiles: default
2020-08-18 08:51:19 [main] INFO  c.s.ProductMApplication_excp - Started ProductMApplication_excp in 6.398 seconds (JVM running for 7.401)
2020-08-18 08:51:19 [main] DEBUG c.s.ProductMApplication_excp - ---------App started-------
2020-08-18 08:54:31 [main] INFO  c.s.ProductMApplication_excp - Starting ProductMApplication_excp on BDC3-LX-01347ZX with PID 24704 (C:\Users\jay.muchhala\Documents\SpringBoot\Product_Exception_logger\target\classes started by jay.muchhala in C:\Users\jay.muchhala\Documents\SpringBoot\Product_Exception_logger)
2020-08-18 08:54:31 [main] DEBUG c.s.ProductMApplication_excp - Running with Spring Boot v2.3.3.RELEASE, Spring v5.2.8.RELEASE
2020-08-18 08:54:31 [main] INFO  c.s.ProductMApplication_excp - No active profile set, falling back to default profiles: default
2020-08-18 08:54:49 [http-nio-8080-exec-2] DEBUG c.s.controller.ProductController - /products --- debug level
2020-08-18 08:54:49 [http-nio-8080-exec-2] ERROR c.s.controller.ProductController - /products --- error level
2020-08-18 08:54:49 [http-nio-8080-exec-2] INFO  c.s.controller.ProductController - /products --- info level
2020-08-18 08:54:49 [http-nio-8080-exec-2] WARN  c.s.controller.ProductController - /products --- warn level
2020-08-18 08:54:49 [http-nio-8080-exec-2] DEBUG c.supermarket.service.ProductService - /service ---listAll --- debug level
2020-08-18 08:55:34 [http-nio-8080-exec-8] DEBUG c.s.controller.ProductController - /products --- debug level
2020-08-18 08:55:34 [http-nio-8080-exec-8] ERROR c.s.controller.ProductController - /products --- error level
2020-08-18 08:55:34 [http-nio-8080-exec-8] INFO  c.s.controller.ProductController - /products --- info level
2020-08-18 08:55:34 [http-nio-8080-exec-8] WARN  c.s.controller.ProductController - /products --- warn level
2020-08-18 08:55:34 [http-nio-8080-exec-8] DEBUG c.supermarket.service.ProductService - /service ---listAll --- debug level
2020-08-18 08:55:54 [http-nio-8080-exec-2] DEBUG c.s.controller.ProductController - /products --- debug level
2020-08-18 08:55:54 [http-nio-8080-exec-2] ERROR c.s.controller.ProductController - /products --- error level
2020-08-18 08:55:54 [http-nio-8080-exec-2] INFO  c.s.controller.ProductController - /products --- info level
2020-08-18 08:55:54 [http-nio-8080-exec-2] WARN  c.s.controller.ProductController - /products --- warn level
2020-08-18 08:55:54 [http-nio-8080-exec-2] DEBUG c.supermarket.service.ProductService - /service ---listAll --- debug level
