2020-08-19 17:19:05 [http-nio-8080-exec-7] DEBUG c.s.controller.ProductController - /products --- debug level
2020-08-19 17:19:05 [http-nio-8080-exec-7] ERROR c.s.controller.ProductController - /products --- error level
2020-08-19 17:19:05 [http-nio-8080-exec-7] INFO  c.s.controller.ProductController - /products --- info level
2020-08-19 17:19:05 [http-nio-8080-exec-7] WARN  c.s.controller.ProductController - /products --- warn level
2020-08-19 17:19:05 [http-nio-8080-exec-7] DEBUG c.supermarket.service.ProductService - /service ---listAll --- debug level
2020-08-19 17:19:59 [http-nio-8080-exec-1] DEBUG c.s.controller.ProductController - /products --- debug level
2020-08-19 17:19:59 [http-nio-8080-exec-1] ERROR c.s.controller.ProductController - /products --- error level
2020-08-19 17:19:59 [http-nio-8080-exec-1] INFO  c.s.controller.ProductController - /products --- info level
2020-08-19 17:19:59 [http-nio-8080-exec-1] WARN  c.s.controller.ProductController - /products --- warn level
2020-08-19 17:19:59 [http-nio-8080-exec-1] DEBUG c.supermarket.service.ProductService - /service ---listAll --- debug level
2020-08-19 17:20:43 [http-nio-8080-exec-2] DEBUG c.s.controller.ProductController - /products --- debug level
2020-08-19 17:20:43 [http-nio-8080-exec-2] ERROR c.s.controller.ProductController - /products --- error level
2020-08-19 17:20:43 [http-nio-8080-exec-2] INFO  c.s.controller.ProductController - /products --- info level
2020-08-19 17:20:43 [http-nio-8080-exec-2] WARN  c.s.controller.ProductController - /products --- warn level
2020-08-19 17:20:43 [http-nio-8080-exec-2] DEBUG c.supermarket.service.ProductService - /service ---listAll --- debug level
2020-08-19 17:20:48 [http-nio-8080-exec-4] DEBUG c.s.controller.ProductController - /products --- debug level
2020-08-19 17:20:48 [http-nio-8080-exec-4] ERROR c.s.controller.ProductController - /products --- error level
2020-08-19 17:20:48 [http-nio-8080-exec-4] INFO  c.s.controller.ProductController - /products --- info level
2020-08-19 17:20:48 [http-nio-8080-exec-4] WARN  c.s.controller.ProductController - /products --- warn level
2020-08-19 17:20:48 [http-nio-8080-exec-4] DEBUG c.supermarket.service.ProductService - /service ---listAll --- debug level
2020-08-19 17:22:02 [http-nio-8080-exec-5] DEBUG c.s.controller.ProductController - /products --- debug level
2020-08-19 17:22:02 [http-nio-8080-exec-5] ERROR c.s.controller.ProductController - /products --- error level
2020-08-19 17:22:02 [http-nio-8080-exec-5] INFO  c.s.controller.ProductController - /products --- info level
2020-08-19 17:22:02 [http-nio-8080-exec-5] WARN  c.s.controller.ProductController - /products --- warn level
2020-08-19 17:22:02 [http-nio-8080-exec-5] DEBUG c.supermarket.service.ProductService - /service ---listAll --- debug level
2020-08-19 17:22:08 [http-nio-8080-exec-8] DEBUG c.s.controller.ProductController - /products --- debug level
2020-08-19 17:22:08 [http-nio-8080-exec-8] ERROR c.s.controller.ProductController - /products --- error level
2020-08-19 17:22:08 [http-nio-8080-exec-8] INFO  c.s.controller.ProductController - /products --- info level
2020-08-19 17:22:08 [http-nio-8080-exec-8] WARN  c.s.controller.ProductController - /products --- warn level
2020-08-19 17:22:08 [http-nio-8080-exec-8] DEBUG c.supermarket.service.ProductService - /service ---listAll --- debug level
2020-08-19 17:22:31 [http-nio-8080-exec-10] DEBUG c.s.controller.ProductController - /products --- debug level
2020-08-19 17:22:31 [http-nio-8080-exec-10] ERROR c.s.controller.ProductController - /products --- error level
2020-08-19 17:22:31 [http-nio-8080-exec-10] INFO  c.s.controller.ProductController - /products --- info level
2020-08-19 17:22:31 [http-nio-8080-exec-10] WARN  c.s.controller.ProductController - /products --- warn level
2020-08-19 17:22:31 [http-nio-8080-exec-10] DEBUG c.supermarket.service.ProductService - /service ---listAll --- debug level
2020-08-19 17:32:58 [http-nio-8080-exec-6] DEBUG c.s.controller.ProductController - /products --- debug level
2020-08-19 17:32:58 [http-nio-8080-exec-6] ERROR c.s.controller.ProductController - /products --- error level
2020-08-19 17:32:58 [http-nio-8080-exec-6] INFO  c.s.controller.ProductController - /products --- info level
2020-08-19 17:32:58 [http-nio-8080-exec-6] WARN  c.s.controller.ProductController - /products --- warn level
2020-08-19 17:32:58 [http-nio-8080-exec-6] DEBUG c.supermarket.service.ProductService - /service ---listAll --- debug level
2020-08-19 17:33:19 [http-nio-8080-exec-5] DEBUG c.s.controller.ProductController - /products --- debug level
2020-08-19 17:33:19 [http-nio-8080-exec-5] ERROR c.s.controller.ProductController - /products --- error level
2020-08-19 17:33:19 [http-nio-8080-exec-5] INFO  c.s.controller.ProductController - /products --- info level
2020-08-19 17:33:19 [http-nio-8080-exec-5] WARN  c.s.controller.ProductController - /products --- warn level
2020-08-19 17:33:19 [http-nio-8080-exec-5] DEBUG c.supermarket.service.ProductService - /service ---listAll --- debug level
2020-08-19 17:53:12 [http-nio-8080-exec-9] DEBUG c.s.controller.ProductController - /products --- debug level
2020-08-19 17:53:12 [http-nio-8080-exec-9] ERROR c.s.controller.ProductController - /products --- error level
2020-08-19 17:53:12 [http-nio-8080-exec-9] INFO  c.s.controller.ProductController - /products --- info level
2020-08-19 17:53:12 [http-nio-8080-exec-9] WARN  c.s.controller.ProductController - /products --- warn level
2020-08-19 17:53:12 [http-nio-8080-exec-9] DEBUG c.supermarket.service.ProductService - /service ---listAll --- debug level
2020-08-19 17:53:31 [main] INFO  c.s.ProductMApplication_excp - Starting ProductMApplication_excp on BDC3-LX-01347ZX with PID 15736 (C:\Users\jay.muchhala\Documents\SpringBoot\Product_Exception_logger\target\classes started by jay.muchhala in C:\Users\jay.muchhala\Documents\SpringBoot\Product_Exception_logger)
2020-08-19 17:53:31 [main] DEBUG c.s.ProductMApplication_excp - Running with Spring Boot v2.3.3.RELEASE, Spring v5.2.8.RELEASE
2020-08-19 17:53:31 [main] INFO  c.s.ProductMApplication_excp - No active profile set, falling back to default profiles: default
2020-08-19 17:53:52 [main] INFO  c.s.ProductMApplication_excp - Starting ProductMApplication_excp on BDC3-LX-01347ZX with PID 18568 (C:\Users\jay.muchhala\Documents\SpringBoot\Product_Exception_logger\target\classes started by jay.muchhala in C:\Users\jay.muchhala\Documents\SpringBoot\Product_Exception_logger)
2020-08-19 17:53:52 [main] DEBUG c.s.ProductMApplication_excp - Running with Spring Boot v2.3.3.RELEASE, Spring v5.2.8.RELEASE
2020-08-19 17:53:52 [main] INFO  c.s.ProductMApplication_excp - No active profile set, falling back to default profiles: default
2020-08-19 17:53:59 [main] INFO  c.s.ProductMApplication_excp - Started ProductMApplication_excp in 6.749 seconds (JVM running for 7.824)
2020-08-19 17:53:59 [main] DEBUG c.s.ProductMApplication_excp - ---------App started-------
2020-08-19 17:55:17 [main] INFO  c.s.ProductMApplication_excp - Starting ProductMApplication_excp on BDC3-LX-01347ZX with PID 21672 (C:\Users\jay.muchhala\Documents\SpringBoot\Product_Exception_logger\target\classes started by jay.muchhala in C:\Users\jay.muchhala\Documents\SpringBoot\Product_Exception_logger)
2020-08-19 17:55:17 [main] DEBUG c.s.ProductMApplication_excp - Running with Spring Boot v2.3.3.RELEASE, Spring v5.2.8.RELEASE
2020-08-19 17:55:17 [main] INFO  c.s.ProductMApplication_excp - No active profile set, falling back to default profiles: default
2020-08-19 17:55:23 [main] INFO  c.s.ProductMApplication_excp - Started ProductMApplication_excp in 5.77 seconds (JVM running for 6.836)
2020-08-19 17:55:23 [main] DEBUG c.s.ProductMApplication_excp - ---------App started-------
2020-08-19 17:58:00 [main] INFO  c.s.ProductMApplication_excp - Starting ProductMApplication_excp on BDC3-LX-01347ZX with PID 20356 (C:\Users\jay.muchhala\Documents\SpringBoot\Product_Exception_logger\target\classes started by jay.muchhala in C:\Users\jay.muchhala\Documents\SpringBoot\Product_Exception_logger)
2020-08-19 17:58:00 [main] DEBUG c.s.ProductMApplication_excp - Running with Spring Boot v2.3.3.RELEASE, Spring v5.2.8.RELEASE
2020-08-19 17:58:00 [main] INFO  c.s.ProductMApplication_excp - No active profile set, falling back to default profiles: default
2020-08-19 17:58:06 [main] INFO  c.s.ProductMApplication_excp - Started ProductMApplication_excp in 6.725 seconds (JVM running for 7.871)
2020-08-19 17:58:06 [main] DEBUG c.s.ProductMApplication_excp - ---------App started-------
2020-08-19 17:58:17 [http-nio-8080-exec-2] DEBUG c.s.controller.ProductController - /products/id --- debug level
