2020-08-18 09:05:18 [main] INFO  c.s.ProductMApplication_excp - Starting ProductMApplication_excp on BDC3-LX-01347ZX with PID 12796 (C:\Users\jay.muchhala\Documents\SpringBoot\Product_Exception_logger\target\classes started by jay.muchhala in C:\Users\jay.muchhala\Documents\SpringBoot\Product_Exception_logger)
2020-08-18 09:05:18 [main] DEBUG c.s.ProductMApplication_excp - Running with Spring Boot v2.3.3.RELEASE, Spring v5.2.8.RELEASE
2020-08-18 09:05:18 [main] INFO  c.s.ProductMApplication_excp - No active profile set, falling back to default profiles: default
2020-08-18 09:05:24 [main] INFO  c.s.ProductMApplication_excp - Started ProductMApplication_excp in 6.221 seconds (JVM running for 7.241)
2020-08-18 09:05:24 [main] DEBUG c.s.ProductMApplication_excp - ---------App started-------
2020-08-18 09:05:43 [http-nio-8080-exec-4] DEBUG c.s.controller.ProductController - /products --- debug level
2020-08-18 09:05:43 [http-nio-8080-exec-4] ERROR c.s.controller.ProductController - /products --- error level
2020-08-18 09:05:43 [http-nio-8080-exec-4] INFO  c.s.controller.ProductController - /products --- info level
2020-08-18 09:05:43 [http-nio-8080-exec-4] WARN  c.s.controller.ProductController - /products --- warn level
2020-08-18 09:05:43 [http-nio-8080-exec-4] DEBUG c.supermarket.service.ProductService - /service ---listAll --- debug level
2020-08-18 09:06:13 [http-nio-8080-exec-2] DEBUG c.s.controller.ProductController - /products --- debug level
2020-08-18 09:06:13 [http-nio-8080-exec-2] ERROR c.s.controller.ProductController - /products --- error level
2020-08-18 09:06:13 [http-nio-8080-exec-2] INFO  c.s.controller.ProductController - /products --- info level
2020-08-18 09:06:13 [http-nio-8080-exec-2] WARN  c.s.controller.ProductController - /products --- warn level
2020-08-18 09:06:13 [http-nio-8080-exec-2] DEBUG c.supermarket.service.ProductService - /service ---listAll --- debug level
2020-08-18 09:07:24 [main] INFO  c.s.ProductMApplication_excp - Starting ProductMApplication_excp on BDC3-LX-01347ZX with PID 17768 (C:\Users\jay.muchhala\Documents\SpringBoot\Product_Exception_logger\target\classes started by jay.muchhala in C:\Users\jay.muchhala\Documents\SpringBoot\Product_Exception_logger)
2020-08-18 09:07:24 [main] DEBUG c.s.ProductMApplication_excp - Running with Spring Boot v2.3.3.RELEASE, Spring v5.2.8.RELEASE
2020-08-18 09:07:24 [main] INFO  c.s.ProductMApplication_excp - No active profile set, falling back to default profiles: default
2020-08-18 09:07:29 [main] INFO  c.s.ProductMApplication_excp - Started ProductMApplication_excp in 5.107 seconds (JVM running for 6.178)
2020-08-18 09:07:29 [main] DEBUG c.s.ProductMApplication_excp - ---------App started-------
2020-08-18 09:11:08 [main] INFO  c.s.ProductMApplication_excp - Starting ProductMApplication_excp on BDC3-LX-01347ZX with PID 6312 (C:\Users\jay.muchhala\Documents\SpringBoot\Product_Exception_logger\target\classes started by jay.muchhala in C:\Users\jay.muchhala\Documents\SpringBoot\Product_Exception_logger)
2020-08-18 09:11:08 [main] DEBUG c.s.ProductMApplication_excp - Running with Spring Boot v2.3.3.RELEASE, Spring v5.2.8.RELEASE
2020-08-18 09:11:08 [main] INFO  c.s.ProductMApplication_excp - No active profile set, falling back to default profiles: default
2020-08-18 09:11:13 [main] INFO  c.s.ProductMApplication_excp - Started ProductMApplication_excp in 5.039 seconds (JVM running for 6.079)
2020-08-18 09:11:13 [main] DEBUG c.s.ProductMApplication_excp - ---------App started-------
2020-08-18 09:14:56 [main] INFO  c.s.ProductMApplication_excp - Starting ProductMApplication_excp on BDC3-LX-01347ZX with PID 19544 (C:\Users\jay.muchhala\Documents\SpringBoot\Product_Exception_logger\target\classes started by jay.muchhala in C:\Users\jay.muchhala\Documents\SpringBoot\Product_Exception_logger)
2020-08-18 09:14:56 [main] DEBUG c.s.ProductMApplication_excp - Running with Spring Boot v2.3.3.RELEASE, Spring v5.2.8.RELEASE
2020-08-18 09:14:56 [main] INFO  c.s.ProductMApplication_excp - No active profile set, falling back to default profiles: default
2020-08-18 09:15:01 [main] INFO  c.s.ProductMApplication_excp - Started ProductMApplication_excp in 4.905 seconds (JVM running for 5.9)
2020-08-18 09:15:01 [main] DEBUG c.s.ProductMApplication_excp - ---------App started-------
2020-08-18 09:19:59 [main] INFO  c.s.ProductMApplication_excp - Starting ProductMApplication_excp on BDC3-LX-01347ZX with PID 23020 (C:\Users\jay.muchhala\Documents\SpringBoot\Product_Exception_logger\target\classes started by jay.muchhala in C:\Users\jay.muchhala\Documents\SpringBoot\Product_Exception_logger)
2020-08-18 09:19:59 [main] DEBUG c.s.ProductMApplication_excp - Running with Spring Boot v2.3.3.RELEASE, Spring v5.2.8.RELEASE
2020-08-18 09:19:59 [main] INFO  c.s.ProductMApplication_excp - No active profile set, falling back to default profiles: default
2020-08-18 09:20:05 [main] INFO  c.s.ProductMApplication_excp - Started ProductMApplication_excp in 6.355 seconds (JVM running for 7.458)
2020-08-18 09:20:05 [main] DEBUG c.s.ProductMApplication_excp - ---------App started-------
2020-08-18 09:27:47 [main] INFO  c.s.ProductMApplication_excp - Starting ProductMApplication_excp on BDC3-LX-01347ZX with PID 20108 (C:\Users\jay.muchhala\Documents\SpringBoot\Product_Exception_logger\target\classes started by jay.muchhala in C:\Users\jay.muchhala\Documents\SpringBoot\Product_Exception_logger)
2020-08-18 09:27:47 [main] DEBUG c.s.ProductMApplication_excp - Running with Spring Boot v2.3.3.RELEASE, Spring v5.2.8.RELEASE
2020-08-18 09:27:47 [main] INFO  c.s.ProductMApplication_excp - No active profile set, falling back to default profiles: default
2020-08-18 09:27:52 [main] INFO  c.s.ProductMApplication_excp - Started ProductMApplication_excp in 5.832 seconds (JVM running for 6.836)
2020-08-18 09:27:52 [main] DEBUG c.s.ProductMApplication_excp - ---------App started-------
2020-08-18 09:28:23 [http-nio-8080-exec-4] DEBUG c.s.controller.ProductController - /products --- debug level
2020-08-18 09:28:23 [http-nio-8080-exec-4] ERROR c.s.controller.ProductController - /products --- error level
2020-08-18 09:28:23 [http-nio-8080-exec-4] INFO  c.s.controller.ProductController - /products --- info level
2020-08-18 09:28:23 [http-nio-8080-exec-4] WARN  c.s.controller.ProductController - /products --- warn level
2020-08-18 09:28:23 [http-nio-8080-exec-4] DEBUG c.supermarket.service.ProductService - /service ---listAll --- debug level
