2020-08-20 15:19:20 [http-nio-8080-exec-5] DEBUG c.s.controller.ProductController - /products --- debug level
2020-08-20 15:19:20 [http-nio-8080-exec-5] ERROR c.s.controller.ProductController - /products --- error level
2020-08-20 15:19:20 [http-nio-8080-exec-5] INFO  c.s.controller.ProductController - /products --- info level
2020-08-20 15:19:20 [http-nio-8080-exec-5] WARN  c.s.controller.ProductController - /products --- warn level
2020-08-20 15:19:20 [http-nio-8080-exec-5] DEBUG c.supermarket.service.ProductService - /service ---listAll --- debug level
2020-08-20 15:20:03 [http-nio-8080-exec-6] DEBUG c.s.controller.ProductController - /products --- debug level
2020-08-20 15:20:03 [http-nio-8080-exec-6] ERROR c.s.controller.ProductController - /products --- error level
2020-08-20 15:20:03 [http-nio-8080-exec-6] INFO  c.s.controller.ProductController - /products --- info level
2020-08-20 15:20:03 [http-nio-8080-exec-6] WARN  c.s.controller.ProductController - /products --- warn level
2020-08-20 15:20:03 [http-nio-8080-exec-6] DEBUG c.supermarket.service.ProductService - /service ---listAll --- debug level
2020-08-20 15:23:41 [http-nio-8080-exec-7] DEBUG c.s.controller.ProductController - /products --- debug level
2020-08-20 15:23:41 [http-nio-8080-exec-7] ERROR c.s.controller.ProductController - /products --- error level
2020-08-20 15:23:41 [http-nio-8080-exec-7] INFO  c.s.controller.ProductController - /products --- info level
2020-08-20 15:23:41 [http-nio-8080-exec-7] WARN  c.s.controller.ProductController - /products --- warn level
2020-08-20 15:23:41 [http-nio-8080-exec-7] DEBUG c.supermarket.service.ProductService - /service ---listAll --- debug level
2020-08-20 15:28:23 [http-nio-8080-exec-9] DEBUG c.s.controller.ProductController - /products --- debug level
2020-08-20 15:28:23 [http-nio-8080-exec-9] ERROR c.s.controller.ProductController - /products --- error level
2020-08-20 15:28:23 [http-nio-8080-exec-9] INFO  c.s.controller.ProductController - /products --- info level
2020-08-20 15:28:23 [http-nio-8080-exec-9] WARN  c.s.controller.ProductController - /products --- warn level
2020-08-20 15:28:23 [http-nio-8080-exec-9] DEBUG c.supermarket.service.ProductService - /service ---listAll --- debug level
2020-08-20 15:42:07 [http-nio-8080-exec-10] DEBUG c.s.controller.ProductController - /products --- debug level
2020-08-20 15:42:07 [http-nio-8080-exec-10] ERROR c.s.controller.ProductController - /products --- error level
2020-08-20 15:42:07 [http-nio-8080-exec-10] INFO  c.s.controller.ProductController - /products --- info level
2020-08-20 15:42:07 [http-nio-8080-exec-10] WARN  c.s.controller.ProductController - /products --- warn level
2020-08-20 15:42:07 [http-nio-8080-exec-10] DEBUG c.supermarket.service.ProductService - /service ---listAll --- debug level
2020-08-20 15:42:41 [http-nio-8080-exec-1] DEBUG c.s.controller.ProductController - /products --- debug level
2020-08-20 15:42:41 [http-nio-8080-exec-1] ERROR c.s.controller.ProductController - /products --- error level
2020-08-20 15:42:41 [http-nio-8080-exec-1] INFO  c.s.controller.ProductController - /products --- info level
2020-08-20 15:42:41 [http-nio-8080-exec-1] WARN  c.s.controller.ProductController - /products --- warn level
2020-08-20 15:42:41 [http-nio-8080-exec-1] DEBUG c.supermarket.service.ProductService - /service ---listAll --- debug level
