2020-08-19 15:09:04 [http-nio-8080-exec-6] DEBUG c.s.controller.ProductController - /products --- debug level
2020-08-19 15:09:04 [http-nio-8080-exec-6] ERROR c.s.controller.ProductController - /products --- error level
2020-08-19 15:09:04 [http-nio-8080-exec-6] INFO  c.s.controller.ProductController - /products --- info level
2020-08-19 15:09:04 [http-nio-8080-exec-6] WARN  c.s.controller.ProductController - /products --- warn level
2020-08-19 15:09:04 [http-nio-8080-exec-6] DEBUG c.supermarket.service.ProductService - /service ---listAll --- debug level
2020-08-19 15:09:05 [http-nio-8080-exec-8] DEBUG c.s.controller.ProductController - /products --- debug level
2020-08-19 15:09:05 [http-nio-8080-exec-8] ERROR c.s.controller.ProductController - /products --- error level
2020-08-19 15:09:05 [http-nio-8080-exec-8] INFO  c.s.controller.ProductController - /products --- info level
2020-08-19 15:09:05 [http-nio-8080-exec-8] WARN  c.s.controller.ProductController - /products --- warn level
2020-08-19 15:09:05 [http-nio-8080-exec-8] DEBUG c.supermarket.service.ProductService - /service ---listAll --- debug level
2020-08-19 15:11:38 [http-nio-8080-exec-9] DEBUG c.s.controller.ProductController - /products --- debug level
2020-08-19 15:11:38 [http-nio-8080-exec-9] ERROR c.s.controller.ProductController - /products --- error level
2020-08-19 15:11:38 [http-nio-8080-exec-9] INFO  c.s.controller.ProductController - /products --- info level
2020-08-19 15:11:38 [http-nio-8080-exec-9] WARN  c.s.controller.ProductController - /products --- warn level
2020-08-19 15:11:38 [http-nio-8080-exec-9] DEBUG c.supermarket.service.ProductService - /service ---listAll --- debug level
2020-08-19 15:25:01 [http-nio-8080-exec-2] DEBUG c.s.controller.ProductController - /products --- debug level
2020-08-19 15:25:01 [http-nio-8080-exec-2] ERROR c.s.controller.ProductController - /products --- error level
2020-08-19 15:25:01 [http-nio-8080-exec-2] INFO  c.s.controller.ProductController - /products --- info level
2020-08-19 15:25:02 [http-nio-8080-exec-2] WARN  c.s.controller.ProductController - /products --- warn level
2020-08-19 15:25:02 [http-nio-8080-exec-2] DEBUG c.supermarket.service.ProductService - /service ---listAll --- debug level
2020-08-19 15:25:07 [http-nio-8080-exec-1] DEBUG c.s.controller.ProductController - /products --- debug level
2020-08-19 15:25:07 [http-nio-8080-exec-1] ERROR c.s.controller.ProductController - /products --- error level
2020-08-19 15:25:07 [http-nio-8080-exec-1] INFO  c.s.controller.ProductController - /products --- info level
2020-08-19 15:25:07 [http-nio-8080-exec-1] WARN  c.s.controller.ProductController - /products --- warn level
2020-08-19 15:25:07 [http-nio-8080-exec-1] DEBUG c.supermarket.service.ProductService - /service ---listAll --- debug level
2020-08-19 15:36:26 [http-nio-8080-exec-5] DEBUG c.s.controller.ProductController - /products --- debug level
2020-08-19 15:36:26 [http-nio-8080-exec-5] ERROR c.s.controller.ProductController - /products --- error level
2020-08-19 15:36:26 [http-nio-8080-exec-5] INFO  c.s.controller.ProductController - /products --- info level
2020-08-19 15:36:26 [http-nio-8080-exec-5] WARN  c.s.controller.ProductController - /products --- warn level
2020-08-19 15:36:26 [http-nio-8080-exec-5] DEBUG c.supermarket.service.ProductService - /service ---listAll --- debug level
2020-08-19 15:38:19 [main] INFO  c.s.ProductMApplication_excp - Starting ProductMApplication_excp on BDC3-LX-01347ZX with PID 22904 (C:\Users\jay.muchhala\Documents\SpringBoot\Product_Exception_logger\target\classes started by jay.muchhala in C:\Users\jay.muchhala\Documents\SpringBoot\Product_Exception_logger)
2020-08-19 15:38:19 [main] DEBUG c.s.ProductMApplication_excp - Running with Spring Boot v2.3.3.RELEASE, Spring v5.2.8.RELEASE
2020-08-19 15:38:19 [main] INFO  c.s.ProductMApplication_excp - No active profile set, falling back to default profiles: default
2020-08-19 15:38:27 [main] INFO  c.s.ProductMApplication_excp - Started ProductMApplication_excp in 8.415 seconds (JVM running for 10.065)
2020-08-19 15:38:27 [main] DEBUG c.s.ProductMApplication_excp - ---------App started-------
2020-08-19 15:38:34 [http-nio-8080-exec-5] DEBUG c.s.controller.ProductController - /products --- debug level
2020-08-19 15:38:34 [http-nio-8080-exec-5] ERROR c.s.controller.ProductController - /products --- error level
2020-08-19 15:38:34 [http-nio-8080-exec-5] INFO  c.s.controller.ProductController - /products --- info level
2020-08-19 15:38:34 [http-nio-8080-exec-5] WARN  c.s.controller.ProductController - /products --- warn level
2020-08-19 15:38:34 [http-nio-8080-exec-5] DEBUG c.supermarket.service.ProductService - /service ---listAll --- debug level
